Using pre-set license
Built from '2020.3/release' branch; Version is '2020.3.12f1 (b3b2c6512326) revision 11776710'; Using compiler version '192528614'; Build Type 'Release'
OS: 'Windows 10 Pro; OS build 18363.449; Version 1909; 64bit' Language: 'ru' Physical Memory: 16254 MB
BatchMode: 1, IsHumanControllingUs: 0, StartBugReporterOnCrash: 0, Is64bit: 1, IsPro: 0

 COMMAND LINE ARGUMENTS:
C:\Program Files\Unity\Hub\Editor\2020.3.12f1\Editor\Unity.exe
-adb2
-batchMode
-noUpm
-name
AssetImportWorker0
-projectPath
C:/Users/Admin/VisualNovell
-logFile
Logs/AssetImportWorker0.log
-srvPort
53367
Successfully changed project path to: C:/Users/Admin/VisualNovell
C:/Users/Admin/VisualNovell
Using Asset Import Pipeline V2.
Refreshing native plugins compatible for Editor in 31.24 ms, found 2 plugins.
Preloading 0 native plugins for Editor in 0.00 ms.
Initialize engine version: 2020.3.12f1 (b3b2c6512326)
[Subsystems] Discovering subsystems at path C:/Program Files/Unity/Hub/Editor/2020.3.12f1/Editor/Data/Resources/UnitySubsystems
[Subsystems] Discovering subsystems at path C:/Users/Admin/VisualNovell/Assets
GfxDevice: creating device client; threaded=0
Direct3D:
    Version:  Direct3D 11.0 [level 11.1]
    Renderer: NVIDIA GeForce GTX 1050 Ti (ID=0x1c82)
    Vendor:   
    VRAM:     4018 MB
    Driver:   27.21.14.5671
Initialize mono
Mono path[0] = 'C:/Program Files/Unity/Hub/Editor/2020.3.12f1/Editor/Data/Managed'
Mono path[1] = 'C:/Program Files/Unity/Hub/Editor/2020.3.12f1/Editor/Data/MonoBleedingEdge/lib/mono/unityjit'
Mono config path = 'C:/Program Files/Unity/Hub/Editor/2020.3.12f1/Editor/Data/MonoBleedingEdge/etc'
Using monoOptions --debugger-agent=transport=dt_socket,embedding=1,server=y,suspend=n,address=127.0.0.1:56528
Begin MonoManager ReloadAssembly
Registering precompiled unity dll's ...
Register platform support module: C:/Program Files/Unity/Hub/Editor/2020.3.12f1/Editor/Data/PlaybackEngines/WebGLSupport/UnityEditor.WebGL.Extensions.dll
Register platform support module: C:/Program Files/Unity/Hub/Editor/2020.3.12f1/Editor/Data/PlaybackEngines/WindowsStandaloneSupport/UnityEditor.WindowsStandalone.Extensions.dll
Registered in 0.002069 seconds.
Native extension for WindowsStandalone target not found
Native extension for WebGL target not found
Refreshing native plugins compatible for Editor in 29.99 ms, found 2 plugins.
Preloading 0 native plugins for Editor in 0.00 ms.
Mono: successfully reloaded assembly
- Completed reload, in  1.078 seconds
Platform modules already initialized, skipping
Registering precompiled user dll's ...
Registered in 0.004365 seconds.
Begin MonoManager ReloadAssembly
Native extension for WindowsStandalone target not found
Native extension for WebGL target not found
Refreshing native plugins compatible for Editor in 0.30 ms, found 2 plugins.
Preloading 0 native plugins for Editor in 0.00 ms.
Mono: successfully reloaded assembly
- Completed reload, in  0.991 seconds
Platform modules already initialized, skipping
========================================================================
Worker process is ready to serve import requests
Launched and connected shader compiler UnityShaderCompiler.exe after 0.04 seconds
Refreshing native plugins compatible for Editor in 0.30 ms, found 2 plugins.
Preloading 0 native plugins for Editor in 0.00 ms.
Unloading 1437 Unused Serialized files (Serialized files now loaded: 0)
System memory in use before: 67.7 MB.
System memory in use after: 67.8 MB.

Unloading 19 unused Assets to reduce memory usage. Loaded Objects now: 1871.
Total: 2.094700 ms (FindLiveObjects: 0.156200 ms CreateObjectMapping: 0.046700 ms MarkObjects: 1.803900 ms  DeleteObjects: 0.086500 ms)

AssetImportParameters requested are different than current active one (requested -> active):
  custom:framework-win-MediaFoundation: 216162199b28c13a410421893ffa2e32 -> 
  custom:video-decoder-ogg-theora: a1e56fd34408186e4bbccfd4996cb3dc -> 
  custom:container-muxer-webm: aa71ff27fc2769a1b78a27578f13a17b -> 
  custom:container-demuxer-webm: 4f35f7cbe854078d1ac9338744f61a02 -> 
  custom:container-demuxer-ogg: 62fdf1f143b41e24485cea50d1cbac27 -> 
  custom:video-encoder-webm-vp8: eb34c28f22e8b96e1ab97ce403110664 -> 
  custom:video-decoder-webm-vp8: 9c59270c3fd7afecdb556c50c9e8de78 -> 
  custom:audio-decoder-ogg-vorbis: bf7c407c2cedff20999df2af8eb42d56 -> 
  custom:audio-encoder-webm-vorbis: bf7c407c2cedff20999df2af8eb42d56 -> 
========================================================================
Received Import Request.
  path: Assets/Scenes/Levels/1_01_4.unity
  artifactKey: Guid(9b4f3c99c2d491941a44af4551969e08) Importer(815301076,1909f56bfc062723c751e8b465ee728b)
Start importing Assets/Scenes/Levels/1_01_4.unity using Guid(9b4f3c99c2d491941a44af4551969e08) Importer(815301076,1909f56bfc062723c751e8b465ee728b)  -> (artifact id: 'd3aba1950b02f0735fc3c6928d07cb6a') in 0.010737 seconds 
  Import took 0.013025 seconds .

========================================================================
Received Import Request.
  Time since last request: 15.956091 seconds.
  path: Assets/Scenes/Levels/1_01_5.unity
  artifactKey: Guid(e6911e4d40345d34ead4172b77851806) Importer(815301076,1909f56bfc062723c751e8b465ee728b)
Start importing Assets/Scenes/Levels/1_01_5.unity using Guid(e6911e4d40345d34ead4172b77851806) Importer(815301076,1909f56bfc062723c751e8b465ee728b)  -> (artifact id: 'deaea9addf41fbde7d1243dc8283483f') in 0.002906 seconds 
  Import took 0.006304 seconds .

========================================================================
Received Import Request.
  Time since last request: 0.000951 seconds.
  path: Assets/Scenes/Levels/1_01_5.unity
  artifactKey: Guid(e6911e4d40345d34ead4172b77851806) Importer(815301076,1909f56bfc062723c751e8b465ee728b)
Start importing Assets/Scenes/Levels/1_01_5.unity using Guid(e6911e4d40345d34ead4172b77851806) Importer(815301076,1909f56bfc062723c751e8b465ee728b)  -> (artifact id: 'deaea9addf41fbde7d1243dc8283483f') in 0.001999 seconds 
  Import took 0.005069 seconds .

========================================================================
Received Import Request.
  Time since last request: 16.978858 seconds.
  path: Assets/Scenes/MainMenu.unity
  artifactKey: Guid(9fc0d4010bbf28b4594072e72b8655ab) Importer(815301076,1909f56bfc062723c751e8b465ee728b)
Start importing Assets/Scenes/MainMenu.unity using Guid(9fc0d4010bbf28b4594072e72b8655ab) Importer(815301076,1909f56bfc062723c751e8b465ee728b)  -> (artifact id: 'c2f0c30ef223d7b0699a9d9b8aa52a36') in 0.003000 seconds 
  Import took 0.006463 seconds .

========================================================================
Received Import Request.
  Time since last request: 11.825503 seconds.
  path: Assets/Scenes/NewGame.unity
  artifactKey: Guid(15a28dc87265f1741955d39d69e2348a) Importer(815301076,1909f56bfc062723c751e8b465ee728b)
Start importing Assets/Scenes/NewGame.unity using Guid(15a28dc87265f1741955d39d69e2348a) Importer(815301076,1909f56bfc062723c751e8b465ee728b)  -> (artifact id: 'fe10f20b89a490344d90cfa10e639708') in 0.107909 seconds 
  Import took 0.110491 seconds .

========================================================================
Received Prepare
Registering precompiled user dll's ...
Registered in 0.003817 seconds.
Begin MonoManager ReloadAssembly
Native extension for WindowsStandalone target not found
Native extension for WebGL target not found
Refreshing native plugins compatible for Editor in 0.31 ms, found 2 plugins.
Preloading 0 native plugins for Editor in 0.00 ms.
Mono: successfully reloaded assembly
- Completed reload, in  0.984 seconds
Platform modules already initialized, skipping
Refreshing native plugins compatible for Editor in 0.43 ms, found 2 plugins.
Preloading 0 native plugins for Editor in 0.00 ms.
Unloading 1419 Unused Serialized files (Serialized files now loaded: 0)
System memory in use before: 66.4 MB.
System memory in use after: 66.5 MB.

Unloading 14 unused Assets to reduce memory usage. Loaded Objects now: 1874.
Total: 2.225100 ms (FindLiveObjects: 0.229400 ms CreateObjectMapping: 0.077500 ms MarkObjects: 1.837000 ms  DeleteObjects: 0.079900 ms)

AssetImportParameters requested are different than current active one (requested -> active):
  custom:framework-win-MediaFoundation: 216162199b28c13a410421893ffa2e32 -> 
  custom:video-decoder-ogg-theora: a1e56fd34408186e4bbccfd4996cb3dc -> 
  custom:container-muxer-webm: aa71ff27fc2769a1b78a27578f13a17b -> 
  custom:container-demuxer-webm: 4f35f7cbe854078d1ac9338744f61a02 -> 
  custom:container-demuxer-ogg: 62fdf1f143b41e24485cea50d1cbac27 -> 
  custom:video-encoder-webm-vp8: eb34c28f22e8b96e1ab97ce403110664 -> 
  custom:video-decoder-webm-vp8: 9c59270c3fd7afecdb556c50c9e8de78 -> 
  custom:audio-decoder-ogg-vorbis: bf7c407c2cedff20999df2af8eb42d56 -> 
  custom:audio-encoder-webm-vorbis: bf7c407c2cedff20999df2af8eb42d56 -> 
========================================================================
Received Import Request.
  Time since last request: 9163.068134 seconds.
  path: Assets/Scenes/Credits.unity
  artifactKey: Guid(87dcfc14a40536c45acb2cab56f0b0d9) Importer(815301076,1909f56bfc062723c751e8b465ee728b)
Start importing Assets/Scenes/Credits.unity using Guid(87dcfc14a40536c45acb2cab56f0b0d9) Importer(815301076,1909f56bfc062723c751e8b465ee728b)  -> (artifact id: '9437d8367e01eb4d4ff660230757e72b') in 0.041315 seconds 
  Import took 0.043833 seconds .

========================================================================
Received Prepare
Registering precompiled user dll's ...
Registered in 0.003603 seconds.
Begin MonoManager ReloadAssembly
Native extension for WindowsStandalone target not found
Native extension for WebGL target not found
Refreshing native plugins compatible for Editor in 0.31 ms, found 2 plugins.
Preloading 0 native plugins for Editor in 0.00 ms.
Mono: successfully reloaded assembly
- Completed reload, in  1.018 seconds
Platform modules already initialized, skipping
Refreshing native plugins compatible for Editor in 0.31 ms, found 2 plugins.
Preloading 0 native plugins for Editor in 0.00 ms.
Unloading 1419 Unused Serialized files (Serialized files now loaded: 0)
System memory in use before: 66.4 MB.
System memory in use after: 66.5 MB.

Unloading 14 unused Assets to reduce memory usage. Loaded Objects now: 1877.
Total: 2.195700 ms (FindLiveObjects: 0.154900 ms CreateObjectMapping: 0.046100 ms MarkObjects: 1.937800 ms  DeleteObjects: 0.055800 ms)

AssetImportParameters requested are different than current active one (requested -> active):
  custom:framework-win-MediaFoundation: 216162199b28c13a410421893ffa2e32 -> 
  custom:video-decoder-ogg-theora: a1e56fd34408186e4bbccfd4996cb3dc -> 
  custom:container-muxer-webm: aa71ff27fc2769a1b78a27578f13a17b -> 
  custom:container-demuxer-webm: 4f35f7cbe854078d1ac9338744f61a02 -> 
  custom:container-demuxer-ogg: 62fdf1f143b41e24485cea50d1cbac27 -> 
  custom:video-encoder-webm-vp8: eb34c28f22e8b96e1ab97ce403110664 -> 
  custom:video-decoder-webm-vp8: 9c59270c3fd7afecdb556c50c9e8de78 -> 
  custom:audio-decoder-ogg-vorbis: bf7c407c2cedff20999df2af8eb42d56 -> 
  custom:audio-encoder-webm-vorbis: bf7c407c2cedff20999df2af8eb42d56 -> 
========================================================================
Received Import Request.
  Time since last request: 196.797432 seconds.
  path: Assets/Scenes/Levels/1_01_2.unity
  artifactKey: Guid(57f7ea6a4ec3b2240bf7d4cd606a15ee) Importer(815301076,1909f56bfc062723c751e8b465ee728b)
Start importing Assets/Scenes/Levels/1_01_2.unity using Guid(57f7ea6a4ec3b2240bf7d4cd606a15ee) Importer(815301076,1909f56bfc062723c751e8b465ee728b)  -> (artifact id: '794c47014ce624da7e1ac43caed0669c') in 0.014408 seconds 
  Import took 0.017230 seconds .

========================================================================
Received Import Request.
  Time since last request: 8.982706 seconds.
  path: Assets/Scenes/Levels/1_01_2.unity
  artifactKey: Guid(57f7ea6a4ec3b2240bf7d4cd606a15ee) Importer(815301076,1909f56bfc062723c751e8b465ee728b)
Start importing Assets/Scenes/Levels/1_01_2.unity using Guid(57f7ea6a4ec3b2240bf7d4cd606a15ee) Importer(815301076,1909f56bfc062723c751e8b465ee728b)  -> (artifact id: '60bf64567e8efa1d827caab4c747403a') in 0.003025 seconds 
  Import took 0.007836 seconds .

========================================================================
Received Import Request.
  Time since last request: 2.913165 seconds.
  path: Assets/Scenes/Levels/1_01_1.unity
  artifactKey: Guid(2f5b9b242a236d34fad50bd15e1f7c90) Importer(815301076,1909f56bfc062723c751e8b465ee728b)
Start importing Assets/Scenes/Levels/1_01_1.unity using Guid(2f5b9b242a236d34fad50bd15e1f7c90) Importer(815301076,1909f56bfc062723c751e8b465ee728b)  -> (artifact id: '749af0a8d73326eafcc6b74c19b3f513') in 0.005694 seconds 
  Import took 0.009120 seconds .

========================================================================
Received Import Request.
  Time since last request: 1.445189 seconds.
  path: Assets/Scenes/Levels/1_01_3.unity
  artifactKey: Guid(5d2464167c4b17149af77ff89e72f234) Importer(815301076,1909f56bfc062723c751e8b465ee728b)
Start importing Assets/Scenes/Levels/1_01_3.unity using Guid(5d2464167c4b17149af77ff89e72f234) Importer(815301076,1909f56bfc062723c751e8b465ee728b)  -> (artifact id: '63ca2a9fa410d6a77294049288d57339') in 0.003102 seconds 
  Import took 0.006064 seconds .

AssetImportWorkerClient::OnTransportError - code=2 error=End of file
